<?xml version="1.0" encoding="UTF-8"?><testrun name="TestRunner" project="OrangHRM_Cucumber" tests="4" started="4" failures="0" errors="2" ignored="3">
  <testsuite name="com.StepDefination.TestRunner" time="0.105">
    <testsuite name="Feature: OrangeHRM Application Functionalities Testing" time="0.105">
      <testsuite name="Scenario: Validating OrangHRM Application LogIn Page" time="0.027" incomplete="true">
        <error>java.lang.IllegalStateException: The driver executable does not exist: C:\Users\Dell\Desktop\Javaselenium\OrangHRM_Cucumber\.\chromeBrowser\chromedriver.exe&#13;
	at com.google.common.base.Preconditions.checkState(Preconditions.java:585)&#13;
	at org.openqa.selenium.remote.service.DriverService.checkExecutable(DriverService.java:146)&#13;
	at org.openqa.selenium.remote.service.DriverService.findExecutable(DriverService.java:141)&#13;
	at org.openqa.selenium.chrome.ChromeDriverService.access$000(ChromeDriverService.java:35)&#13;
	at org.openqa.selenium.chrome.ChromeDriverService$Builder.findDefaultExecutable(ChromeDriverService.java:159)&#13;
	at org.openqa.selenium.remote.service.DriverService$Builder.build(DriverService.java:355)&#13;
	at org.openqa.selenium.chrome.ChromeDriverService.createDefaultService(ChromeDriverService.java:94)&#13;
	at org.openqa.selenium.chrome.ChromeDriver.&lt;init&gt;(ChromeDriver.java:123)&#13;
	at com.StepDefination.OrangeHRMApplicationUserDefinedMethods.user_should_open_browser_in_the_system(OrangeHRMApplicationUserDefinedMethods.java:20)&#13;
	at ✽.Given User should open Browser in the System(OrangeHRMApplication.feature:5)&#13;
&#13;
</error>
        <testcase name="Given User should open Browser in the System" classname="Scenario: Validating OrangHRM Application LogIn Page" time="0.024">
          <error>java.lang.IllegalStateException: The driver executable does not exist: C:\Users\Dell\Desktop\Javaselenium\OrangHRM_Cucumber\.\chromeBrowser\chromedriver.exe&#13;
	at com.google.common.base.Preconditions.checkState(Preconditions.java:585)&#13;
	at org.openqa.selenium.remote.service.DriverService.checkExecutable(DriverService.java:146)&#13;
	at org.openqa.selenium.remote.service.DriverService.findExecutable(DriverService.java:141)&#13;
	at org.openqa.selenium.chrome.ChromeDriverService.access$000(ChromeDriverService.java:35)&#13;
	at org.openqa.selenium.chrome.ChromeDriverService$Builder.findDefaultExecutable(ChromeDriverService.java:159)&#13;
	at org.openqa.selenium.remote.service.DriverService$Builder.build(DriverService.java:355)&#13;
	at org.openqa.selenium.chrome.ChromeDriverService.createDefaultService(ChromeDriverService.java:94)&#13;
	at org.openqa.selenium.chrome.ChromeDriver.&lt;init&gt;(ChromeDriver.java:123)&#13;
	at com.StepDefination.OrangeHRMApplicationUserDefinedMethods.user_should_open_browser_in_the_system(OrangeHRMApplicationUserDefinedMethods.java:20)&#13;
	at ✽.Given User should open Browser in the System(OrangeHRMApplication.feature:5)&#13;
&#13;
</error>
        </testcase>
        <testcase name="When User enters OrangeHRM Application URL Address" classname="Scenario: Validating OrangHRM Application LogIn Page" time="0.021" ignored="true"/>
        <testcase name="Then User should be navigated to OrangeHRM Application LogIn WebPage" classname="Scenario: Validating OrangHRM Application LogIn Page" time="0.0" ignored="true"/>
        <testcase name="Then User should close the OrangeHRM Application along with the browser" classname="Scenario: Validating OrangHRM Application LogIn Page" time="0.033" ignored="true"/>
      </testsuite>
    </testsuite>
  </testsuite>
</testrun>
